<?xml version="1.0" encoding="UTF-8"?>
<!-- Generated by org.testng.reporters.JUnitXMLReporter -->
<testsuite ignored="0" hostname="DESKTOP-0LA5ULN" failures="0" tests="3" name="Default test" time="37.432" errors="0" timestamp="26 May 2020 20:19:03 GMT">
  <testcase classname="com.qa.hubspot.testPages.LoginPageTest" name="verifySignUpLinkTest" time="4.76"/>
  <testcase classname="com.qa.hubspot.testPages.LoginPageTest" name="verifyLoginPageTitleTest" time="0.016"/>
  <testcase classname="com.qa.hubspot.testPages.LoginPageTest" name="loginTest" time="1.759"/>
</testsuite> <!-- Default test -->
