<?xml version="1.0" encoding="UTF-8"?>
<!-- Generated by org.testng.reporters.JUnitXMLReporter -->
<testsuite ignored="0" hostname="DESKTOP-0LA5ULN" failures="0" tests="3" name="hub spot HomePage test" time="61.01" errors="0" timestamp="26 May 2020 20:34:11 GMT">
  <testcase classname="com.qa.hubspot.testPages.HomePageTest" name="verifyHomePageHeaderTest" time="19.97"/>
  <testcase classname="com.qa.hubspot.testPages.HomePageTest" name="verifyHomePageTitle" time="0.008"/>
  <testcase classname="com.qa.hubspot.testPages.HomePageTest" name="verifyLoggedInUserTest" time="0.354"/>
</testsuite> <!-- hub spot HomePage test -->
