<?xml version="1.0" encoding="UTF-8"?>
<!-- Generated by org.testng.reporters.JUnitXMLReporter -->
<testsuite ignored="0" hostname="DESKTOP-0LA5ULN" failures="0" tests="3" name="hub spot LoginPage test" time="53.623" errors="0" timestamp="26 May 2020 20:34:04 GMT">
  <testcase classname="com.qa.hubspot.testPages.LoginPageTest" name="verifySignUpLinkTest" time="6.648"/>
  <testcase classname="com.qa.hubspot.testPages.LoginPageTest" name="verifyLoginPageTitleTest" time="0.01"/>
  <testcase classname="com.qa.hubspot.testPages.LoginPageTest" name="loginTest" time="7.256"/>
</testsuite> <!-- hub spot LoginPage test -->
