<?xml version="1.0" encoding="UTF-8"?>
<testng-results ignored="0" total="6" passed="6" failed="0" skipped="0">
  <reporter-output>
  </reporter-output>
  <suite started-at="2020-05-26T20:33:10Z" name="Hub spot Test automtion regression suite" finished-at="2020-05-26T20:34:11Z" duration-ms="61010">
    <groups>
    </groups>
    <test started-at="2020-05-26T20:33:10Z" name="hub spot LoginPage test" finished-at="2020-05-26T20:34:04Z" duration-ms="53623">
      <class name="com.qa.hubspot.testPages.LoginPageTest">
        <test-method is-config="true" signature="setUp()[pri:0, instance:com.qa.hubspot.testPages.LoginPageTest@3bd40a57]" started-at="2020-05-26T20:33:10Z" name="setUp" finished-at="2020-05-26T20:33:28Z" duration-ms="17835" status="PASS">
          <reporter-output>
          </reporter-output>
        </test-method> <!-- setUp -->
        <test-method signature="verifySignUpLinkTest()[pri:1, instance:com.qa.hubspot.testPages.LoginPageTest@3bd40a57]" started-at="2020-05-26T20:33:28Z" name="verifySignUpLinkTest" finished-at="2020-05-26T20:33:35Z" duration-ms="6648" status="PASS">
          <reporter-output>
          </reporter-output>
        </test-method> <!-- verifySignUpLinkTest -->
        <test-method signature="verifyLoginPageTitleTest()[pri:2, instance:com.qa.hubspot.testPages.LoginPageTest@3bd40a57]" started-at="2020-05-26T20:33:35Z" name="verifyLoginPageTitleTest" finished-at="2020-05-26T20:33:35Z" duration-ms="10" status="PASS">
          <reporter-output>
          </reporter-output>
        </test-method> <!-- verifyLoginPageTitleTest -->
        <test-method signature="loginTest()[pri:3, instance:com.qa.hubspot.testPages.LoginPageTest@3bd40a57]" started-at="2020-05-26T20:33:35Z" name="loginTest" finished-at="2020-05-26T20:33:42Z" duration-ms="7256" status="PASS">
          <reporter-output>
          </reporter-output>
        </test-method> <!-- loginTest -->
        <test-method is-config="true" signature="tearDown()[pri:0, instance:com.qa.hubspot.testPages.LoginPageTest@3bd40a57]" started-at="2020-05-26T20:33:42Z" name="tearDown" finished-at="2020-05-26T20:34:04Z" duration-ms="21822" status="PASS">
          <reporter-output>
          </reporter-output>
        </test-method> <!-- tearDown -->
      </class> <!-- com.qa.hubspot.testPages.LoginPageTest -->
    </test> <!-- hub spot LoginPage test -->
    <test started-at="2020-05-26T20:33:10Z" name="hub spot HomePage test" finished-at="2020-05-26T20:34:11Z" duration-ms="61010">
      <class name="com.qa.hubspot.testPages.HomePageTest">
        <test-method is-config="true" signature="setUp()[pri:0, instance:com.qa.hubspot.testPages.HomePageTest@7692d9cc]" started-at="2020-05-26T20:33:10Z" name="setUp" finished-at="2020-05-26T20:33:41Z" duration-ms="30674" status="PASS">
          <reporter-output>
          </reporter-output>
        </test-method> <!-- setUp -->
        <test-method signature="verifyHomePageHeaderTest()[pri:0, instance:com.qa.hubspot.testPages.HomePageTest@7692d9cc]" started-at="2020-05-26T20:33:41Z" name="verifyHomePageHeaderTest" finished-at="2020-05-26T20:34:01Z" duration-ms="19970" status="PASS">
          <reporter-output>
          </reporter-output>
        </test-method> <!-- verifyHomePageHeaderTest -->
        <test-method signature="verifyHomePageTitle()[pri:0, instance:com.qa.hubspot.testPages.HomePageTest@7692d9cc]" started-at="2020-05-26T20:34:01Z" name="verifyHomePageTitle" finished-at="2020-05-26T20:34:01Z" duration-ms="8" status="PASS">
          <reporter-output>
          </reporter-output>
        </test-method> <!-- verifyHomePageTitle -->
        <test-method signature="verifyLoggedInUserTest()[pri:0, instance:com.qa.hubspot.testPages.HomePageTest@7692d9cc]" started-at="2020-05-26T20:34:01Z" name="verifyLoggedInUserTest" finished-at="2020-05-26T20:34:01Z" duration-ms="354" status="PASS">
          <reporter-output>
          </reporter-output>
        </test-method> <!-- verifyLoggedInUserTest -->
        <test-method is-config="true" signature="tearDown()[pri:0, instance:com.qa.hubspot.testPages.HomePageTest@7692d9cc]" started-at="2020-05-26T20:34:01Z" name="tearDown" finished-at="2020-05-26T20:34:11Z" duration-ms="9981" status="PASS">
          <reporter-output>
          </reporter-output>
        </test-method> <!-- tearDown -->
      </class> <!-- com.qa.hubspot.testPages.HomePageTest -->
    </test> <!-- hub spot HomePage test -->
  </suite> <!-- Hub spot Test automtion regression suite -->
</testng-results>
